#
# A fatal error has been detected by the Java Runtime Environment:
#
#  EXCEPTION_ACCESS_VIOLATION (0xc0000005) at pc=0x00007ffe0a6cd69a, pid=4784, tid=9260
#
# JRE version: OpenJDK Runtime Environment Temurin-17.0.2+8 (17.0.2+8) (build 17.0.2+8)
# Java VM: OpenJDK 64-Bit Server VM Temurin-17.0.2+8 (17.0.2+8, mixed mode, tiered, compressed oops, compressed class ptrs, g1 gc, windows-amd64)
# Problematic frame:
# V  [jvm.dll+0x79d69a]
#
# No core dump will be written. Minidumps are not enabled by default on client versions of Windows
#
# If you would like to submit a bug report, please visit:
#   https://github.com/adoptium/adoptium-support/issues
#

---------------  S U M M A R Y ------------

Command Line: -XX:+ShowCodeDetailsInExceptionMessages -agentlib:jdwp=transport=dt_socket,suspend=y,address=localhost:64472 -javaagent:C:\Users\T3328SG\Downloads\eclipse-jee-2022-03-R-win32-x86_64\eclipse\configuration\org.eclipse.osgi\422\0\.cp\lib\javaagent-shaded.jar -Dfile.encoding=UTF-8 com.captcha.DemoApplication

Host: Intel(R) Core(TM) i5-10310U CPU @ 1.70GHz, 8 cores, 15G,  Windows 10 , 64 bit Build 19041 (10.0.19041.3636)
Time: Wed Feb 21 17:23:32 2024 India Standard Time elapsed time: 4318.718496 seconds (0d 1h 11m 58s)

---------------  T H R E A D  ---------------

Current thread (0x000001801e9671c0):  JavaThread "JDWP Transport Listener: dt_socket" daemon [_thread_in_vm, id=9260, stack(0x0000000101700000,0x0000000101800000)]

Stack: [0x0000000101700000,0x0000000101800000],  sp=0x00000001017ff340,  free space=1020k
Native frames: (J=compiled Java code, j=interpreted, Vv=VM code, C=native code)
V  [jvm.dll+0x79d69a]
V  [jvm.dll+0x50842c]
V  [jvm.dll+0x4cfa94]
C  [jdwp.dll+0x22dff]


siginfo: EXCEPTION_ACCESS_VIOLATION (0xc0000005), reading address 0x0000000000bd00be


Register to memory mapping:

RIP=0x00007ffe0a6cd69a jvm.dll
RAX=0x00000000000000be is an unknown value
RBX=0x000001801e879605 points into unknown readable memory: 2f 55 73
RCX=0x0000000000bd00ba is an unknown value
RDX=0x0000018025638d50 points into unknown readable memory: 0x7061632f6d6f634c | 4c 63 6f 6d 2f 63 61 70
RSP=0x00000001017ff340 is pointing into the stack for thread: 0x000001801e9671c0
RBP=0x000001801eaa7790 points into unknown readable memory: 0x0000000200000002 | 02 00 00 00 02 00 00 00
RSI=0x0 is NULL
RDI=0xffffffffffffffff is an unknown value
R8 =0x00000000000003d8 is an unknown value
R9 =0x0000000000000040 is an unknown value
R10=0x00000000000003c0 is an unknown value
R11=0x00000001017ff360 is pointing into the stack for thread: 0x000001801e9671c0
R12=0x00000001017ff498 is pointing into the stack for thread: 0x000001801e9671c0
R13=0x0 is NULL
R14=0x0000000800947000 is a pointer to class: 
com.captcha.config.SetupDataLoader {0x0000000800947008}
 - instance size:     4
 - klass size:        70
 - access:            public synchronized 
 - state:             fully_initialized
 - name:              'com/captcha/config/SetupDataLoader'
 - super:             'java/lang/Object'
 - sub:               'com/captcha/config/SetupDataLoader$$EnhancerBySpringCGLIB$$5a0dfd5b'   
 - arrays:            NULL
 - methods:           Array<T>(0x0000018032c539e0)
 - method ordering:   Array<T>(0x0000018032c5c018)
 - default_methods:   Array<T>(0x0000000000000000)
 - local interfaces:  Array<T>(0x00000180307b9fa0)
 - trans. interfaces: Array<T>(0x00000180307b5d40)
 - constants:         constant pool [198] {0x0000018032c5cce8} for 'com/captcha/config/SetupDataLoader' cache=0x0000018032c5d358
 - class loader data:  loader data: 0x000001802c5d6830 for instance a 'org/springframework/boot/devtools/restart/classloader/RestartClassLoader'{0x0000000705600b10}
 - source file:       'SetupDataLoader.java'
 - source debug extension:       SMAP
SetupDataLoader.java
Java
*S jdt
*F
1 SetupDataLoader.java
2 file:/C:/Users/T3328SG/Downloads/angular-spring-boot-razorpay-integration-main/spring-boot-oauth2-social-login/target/classes/
*L
*E

 - class annotations:       Array<T>(0x0000018032c53fd0)
 - class type annotations:  Array<T>(0x0000000000000000)
 - field annotations:       Array<T>(0x0000018032c53938)
 - field type annotations:  Array<T>(0x0000000000000000)
 - previous version:  constant pool [177] {0x00000180307b50c0} for 'com/captcha/config/SetupDataLoader' (extra) cache=0x0000018032c008d0
 - generic signature: '
[error occurred during error reporting (printing register info), id 0xc0000005, EXCEPTION_ACCESS_VIOLATION (0xc0000005) at pc=0x00007ffe0a6ce2a6]

Registers:
RAX=0x00000000000000be, RBX=0x000001801e879605, RCX=0x0000000000bd00ba, RDX=0x0000018025638d50
RSP=0x00000001017ff340, RBP=0x000001801eaa7790, RSI=0x0000000000000000, RDI=0xffffffffffffffff
R8 =0x00000000000003d8, R9 =0x0000000000000040, R10=0x00000000000003c0, R11=0x00000001017ff360
R12=0x00000001017ff498, R13=0x0000000000000000, R14=0x0000000800947000, R15=0x00000001017ff4e8
RIP=0x00007ffe0a6cd69a, EFLAGS=0x0000000000010202

Top of Stack: (sp=0x00000001017ff340)
0x00000001017ff340:   0000000000000022 0000000800947000
0x00000001017ff350:   000001801e9671c0 0000000000000000
0x00000001017ff360:   ffffffffffffffff 00007ffe0a43842c
0x00000001017ff370:   000001801e879605 000001801e8795e0
0x00000001017ff380:   000001801eaa7790 00000180204bab80
0x00000001017ff390:   000001801e8795a0 00000000000003d8
0x00000001017ff3a0:   000001801e8795b0 000001801e879988
0x00000001017ff3b0:   0000000000000002 00000001017ff498
0x00000001017ff3c0:   0000000000000000 0000000000000000
0x00000001017ff3d0:   00000007056535d0 00007ffe0a3ffa94
0x00000001017ff3e0:   000001801e9671c0 00000001017ff4e8
0x00000001017ff3f0:   000001807ea98ba0 00000001017ff4e8
0x00000001017ff400:   000001801e9671c0 0000000000000000
0x00000001017ff410:   0000018000000000 0000000000000000
0x00000001017ff420:   000000000000000d 00007ffe5ef52dff
0x00000001017ff430:   00000001017ff4e0 00007ffe5ef61aa0 

Instructions: (pc=0x00007ffe0a6cd69a)
0x00007ffe0a6cd59a:   48 83 c4 20 5f e9 4c 8d 90 ff cc cc cc cc cc cc
0x00007ffe0a6cd5aa:   cc cc cc cc cc cc 48 89 5c 24 08 57 48 83 ec 20
0x00007ffe0a6cd5ba:   83 fa 02 8d 42 06 b9 08 00 00 00 49 8b d8 0f 4e
0x00007ffe0a6cd5ca:   c1 48 63 c8 48 83 c1 07 83 e1 f8 48 63 f9 49 8b
0x00007ffe0a6cd5da:   48 18 48 8b c7 48 f7 d0 48 3b c1 73 16 4c 8d 05
0x00007ffe0a6cd5ea:   da 4c 17 00 48 8b d7 48 8b cb e8 57 f0 90 ff 48
0x00007ffe0a6cd5fa:   8b 4b 18 48 8d 04 39 48 3b 43 20 76 18 45 33 c0
0x00007ffe0a6cd60a:   48 8b d7 48 8b cb 48 8b 5c 24 30 48 83 c4 20 5f
0x00007ffe0a6cd61a:   e9 b1 ec 90 ff 48 89 43 18 48 8b c1 48 8b 5c 24
0x00007ffe0a6cd62a:   30 48 83 c4 20 5f c3 cc cc cc cc cc cc cc cc cc
0x00007ffe0a6cd63a:   cc cc cc cc cc cc 4c 8b d2 4c 8b d9 45 85 c0 7e
0x00007ffe0a6cd64a:   3c 44 0f b7 49 04 41 8d 40 ff 41 3b c1 44 0f 4c
0x00007ffe0a6cd65a:   c8 4d 63 c1 45 85 c9 7e 1f 48 8b c2 4c 2b da 49
0x00007ffe0a6cd66a:   8b d0 0f 1f 40 00 41 0f b6 4c 03 06 88 08 48 8d
0x00007ffe0a6cd67a:   40 01 48 83 ea 01 75 ee 43 c6 04 10 00 49 8b c2
0x00007ffe0a6cd68a:   c3 cc cc cc cc cc 48 89 5c 24 08 57 48 83 ec 20
0x00007ffe0a6cd69a:   0f b7 59 04 48 8b f9 33 d2 48 8d 4b 01 e8 84 df
0x00007ffe0a6cd6aa:   f2 ff 0f b7 57 04 4c 8b c0 3b da 0f 42 d3 44 8b
0x00007ffe0a6cd6ba:   ca 85 d2 74 39 48 2b f8 0f 1f 40 00 66 66 0f 1f
0x00007ffe0a6cd6ca:   84 00 00 00 00 00 0f b6 4c 07 06 88 08 48 ff c0
0x00007ffe0a6cd6da:   48 8b c8 49 2b c8 49 3b c9 7c eb 42 c6 04 02 00
0x00007ffe0a6cd6ea:   49 8b c0 48 8b 5c 24 30 48 83 c4 20 5f c3 48 8b
0x00007ffe0a6cd6fa:   5c 24 30 c6 04 02 00 48 83 c4 20 5f c3 cc cc cc
0x00007ffe0a6cd70a:   cc cc cc cc cc cc 4c 8b d1 45 85 c0 7e 6c 44 0f
0x00007ffe0a6cd71a:   b7 49 04 41 8d 40 ff 41 3b c1 44 0f 4c c8 4d 63
0x00007ffe0a6cd72a:   d9 45 85 c9 7e 22 48 8b ca 4c 2b d2 4d 8b c3 0f
0x00007ffe0a6cd73a:   1f 80 00 00 00 00 41 0f b6 44 0a 06 88 01 48 8d
0x00007ffe0a6cd74a:   49 01 49 83 e8 01 75 ee 41 c6 04 13 00 48 c7 c0
0x00007ffe0a6cd75a:   ff ff ff ff 66 90 48 ff c0 80 3c 02 00 75 f7 48
0x00007ffe0a6cd76a:   63 c8 85 c0 48 8b c2 7e 14 80 38 2f 75 03 c6 00
0x00007ffe0a6cd77a:   2e 48 ff c0 48 83 e9 01 75 ef 48 8b c2 c3 cc cc
0x00007ffe0a6cd78a:   cc cc cc cc cc cc 48 83 ec 28 e8 f7 fe ff ff 4c 


Stack slot to memory mapping:
stack at sp + 0 slots: 0x0000000000000022 is an unknown value
stack at sp + 1 slots: 0x0000000800947000 is a pointer to class: 
com.captcha.config.SetupDataLoader {0x0000000800947008}
 - instance size:     4
 - klass size:        70
 - access:            public synchronized 
 - state:             fully_initialized
 - name:              'com/captcha/config/SetupDataLoader'
 - super:             'java/lang/Object'
 - sub:               'com/captcha/config/SetupDataLoader$$EnhancerBySpringCGLIB$$5a0dfd5b'   
 - arrays:            NULL
 - methods:           Array<T>(0x0000018032c539e0)
 - method ordering:   Array<T>(0x0000018032c5c018)
 - default_methods:   Array<T>(0x0000000000000000)
 - local interfaces:  Array<T>(0x00000180307b9fa0)
 - trans. interfaces: Array<T>(0x00000180307b5d40)
 - constants:         constant pool [198] {0x0000018032c5cce8} for 'com/captcha/config/SetupDataLoader' cache=0x0000018032c5d358
 - class loader data:  loader data: 0x000001802c5d6830 for instance a 'org/springframework/boot/devtools/restart/classloader/RestartClassLoader'{0x0000000705600b10}
 - source file:       'SetupDataLoader.java'
 - source debug extension:       SMAP
SetupDataLoader.java
Java
*S jdt
*F
1 SetupDataLoader.java
2 file:/C:/Users/T3328SG/Downloads/angular-spring-boot-razorpay-integration-main/spring-boot-oauth2-social-login/target/classes/
*L
*E

 - class annotations:       Array<T>(0x0000018032c53fd0)
 - class type annotations:  Array<T>(0x0000000000000000)
 - field annotations:       Array<T>(0x0000018032c53938)
 - field type annotations:  Array<T>(0x0000000000000000)
 - previous version:  constant pool [177] {0x00000180307b50c0} for 'com/captcha/config/SetupDataLoader' (extra) cache=0x0000018032c008d0
 - generic signature: '
[error occurred during error reporting (inspecting top of stack), id 0xc0000005, EXCEPTION_ACCESS_VIOLATION (0xc0000005) at pc=0x00007ffe0a6ce2a6]


---------------  P R O C E S S  ---------------

Threads class SMR info:
_java_thread_list=0x000001802d8cc870, length=43, elements={
0x000001801e80ec10, 0x000001801e817ed0, 0x000001801e85fca0, 0x000001801e860270,
0x000001801e875d50, 0x000001801e87ded0, 0x000001801e880e80, 0x000001801e882340,
0x000001801e8930c0, 0x000001801e9ffc20, 0x000001801e9671c0, 0x000001801eabb3e0,
0x000001801eabb8d0, 0x000001801f06cdc0, 0x0000018021963eb0, 0x00000180237ce3d0,
0x00000180237cbd50, 0x0000018023455ae0, 0x000001802344e760, 0x0000018023451c50,
0x0000018020456ec0, 0x0000018023452ac0, 0x0000018023453e00, 0x000001802344ec30,
0x000001802344f5d0, 0x000001802344f100, 0x00000180237c9ba0, 0x00000180237cb3b0,
0x00000180237ca070, 0x00000180237c8390, 0x00000180237ccbc0, 0x00000180237ce8a0,
0x00000180237c79f0, 0x00000180237c8860, 0x00000180237c8d30, 0x00000180237c9200,
0x00000180237cda30, 0x00000180237cb880, 0x00000180237c96d0, 0x00000180237ca540,
0x00000180237caa10, 0x00000180237caee0, 0x00000180219639e0
}

Java Threads: ( => current thread )
  0x000001801e80ec10 JavaThread "Reference Handler" daemon [_thread_blocked, id=18724, stack(0x0000000100d00000,0x0000000100e00000)]
  0x000001801e817ed0 JavaThread "Finalizer" daemon [_thread_blocked, id=22408, stack(0x0000000100e00000,0x0000000100f00000)]
  0x000001801e85fca0 JavaThread "Signal Dispatcher" daemon [_thread_blocked, id=21080, stack(0x0000000100f00000,0x0000000101000000)]
  0x000001801e860270 JavaThread "Attach Listener" daemon [_thread_blocked, id=4296, stack(0x0000000101000000,0x0000000101100000)]
  0x000001801e875d50 JavaThread "Service Thread" daemon [_thread_blocked, id=19804, stack(0x0000000101100000,0x0000000101200000)]
  0x000001801e87ded0 JavaThread "Monitor Deflation Thread" daemon [_thread_blocked, id=24016, stack(0x0000000101200000,0x0000000101300000)]
  0x000001801e880e80 JavaThread "C2 CompilerThread0" daemon [_thread_blocked, id=8816, stack(0x0000000101300000,0x0000000101400000)]
  0x000001801e882340 JavaThread "C1 CompilerThread0" daemon [_thread_blocked, id=26280, stack(0x0000000101400000,0x0000000101500000)]
  0x000001801e8930c0 JavaThread "Sweeper thread" daemon [_thread_blocked, id=7968, stack(0x0000000101500000,0x0000000101600000)]
  0x000001801e9ffc20 JavaThread "Common-Cleaner" daemon [_thread_blocked, id=22772, stack(0x0000000101600000,0x0000000101700000)]
=>0x000001801e9671c0 JavaThread "JDWP Transport Listener: dt_socket" daemon [_thread_in_vm, id=9260, stack(0x0000000101700000,0x0000000101800000)]
  0x000001801eabb3e0 JavaThread "JDWP Event Helper Thread" daemon [_thread_blocked, id=18460, stack(0x0000000101800000,0x0000000101900000)]
  0x000001801eabb8d0 JavaThread "JDWP Command Reader" daemon [_thread_in_native, id=27904, stack(0x0000000101900000,0x0000000101a00000)]
  0x000001801f06cdc0 JavaThread "Notification Thread" daemon [_thread_blocked, id=22720, stack(0x0000000101b00000,0x0000000101c00000)]
  0x0000018021963eb0 JavaThread "mysql-cj-abandoned-connection-cleanup" daemon [_thread_blocked, id=28344, stack(0x0000000102800000,0x0000000102900000)]
  0x00000180237ce3d0 JavaThread "Live Reload Server" daemon [_thread_in_native, id=29340, stack(0x0000000103000000,0x0000000103100000)]
  0x00000180237cbd50 JavaThread "DestroyJavaVM" [_thread_blocked, id=2972, stack(0x0000000100600000,0x0000000100700000)]
  0x0000018023455ae0 JavaThread "OkHttp ConnectionPool" daemon [_thread_blocked, id=9268, stack(0x0000000100500000,0x0000000100600000)]
  0x000001802344e760 JavaThread "Thread-13" [_thread_blocked, id=22032, stack(0x0000000101a00000,0x0000000101b00000)]
  0x0000018023451c50 JavaThread "restartedMain" [_thread_blocked, id=28028, stack(0x0000000100100000,0x0000000100200000)]
  0x0000018020456ec0 JavaThread "C2 CompilerThread1" daemon [_thread_blocked, id=24128, stack(0x0000000102500000,0x0000000102600000)]
  0x0000018023452ac0 JavaThread "HikariPool-4 housekeeper" daemon [_thread_blocked, id=27340, stack(0x0000000102700000,0x0000000102800000)]
  0x0000018023453e00 JavaThread "HikariPool-4 connection adder" daemon [_thread_blocked, id=26220, stack(0x0000000102a00000,0x0000000102b00000)]
  0x000001802344ec30 JavaThread "Catalina-utility-1" [_thread_blocked, id=16012, stack(0x0000000102b00000,0x0000000102c00000)]
  0x000001802344f5d0 JavaThread "Catalina-utility-2" [_thread_blocked, id=26772, stack(0x0000000102c00000,0x0000000102d00000)]
  0x000001802344f100 JavaThread "container-0" [_thread_blocked, id=26100, stack(0x0000000102d00000,0x0000000102e00000)]
  0x00000180237c9ba0 JavaThread "File Watcher" daemon [_thread_blocked, id=27536, stack(0x0000000102e00000,0x0000000102f00000)]
  0x00000180237cb3b0 JavaThread "ThreadPoolTaskScheduler-1" [_thread_blocked, id=29320, stack(0x0000000102f00000,0x0000000103000000)]
  0x00000180237ca070 JavaThread "org.springframework.kafka.KafkaListenerEndpointContainer#0-0-C-1" [_thread_in_native, id=21212, stack(0x0000000103100000,0x0000000103200000)]
  0x00000180237c8390 JavaThread "http-nio-8080-BlockPoller" daemon [_thread_in_native, id=16720, stack(0x0000000103200000,0x0000000103300000)]
  0x00000180237ccbc0 JavaThread "http-nio-8080-exec-1" daemon [_thread_blocked, id=19172, stack(0x0000000103300000,0x0000000103400000)]
  0x00000180237ce8a0 JavaThread "http-nio-8080-exec-2" daemon [_thread_blocked, id=9500, stack(0x0000000103400000,0x0000000103500000)]
  0x00000180237c79f0 JavaThread "http-nio-8080-exec-3" daemon [_thread_blocked, id=3776, stack(0x0000000103500000,0x0000000103600000)]
  0x00000180237c8860 JavaThread "http-nio-8080-exec-4" daemon [_thread_blocked, id=13284, stack(0x0000000103600000,0x0000000103700000)]
  0x00000180237c8d30 JavaThread "http-nio-8080-exec-5" daemon [_thread_blocked, id=6748, stack(0x0000000103700000,0x0000000103800000)]
  0x00000180237c9200 JavaThread "kafka-coordinator-heartbeat-thread | id_config" daemon [_thread_blocked, id=15916, stack(0x0000000103800000,0x0000000103900000)]
  0x00000180237cda30 JavaThread "http-nio-8080-exec-6" daemon [_thread_blocked, id=12352, stack(0x0000000103900000,0x0000000103a00000)]
  0x00000180237cb880 JavaThread "http-nio-8080-exec-7" daemon [_thread_blocked, id=3696, stack(0x0000000103a00000,0x0000000103b00000)]
  0x00000180237c96d0 JavaThread "http-nio-8080-exec-8" daemon [_thread_blocked, id=16644, stack(0x0000000103b00000,0x0000000103c00000)]
  0x00000180237ca540 JavaThread "http-nio-8080-exec-9" daemon [_thread_blocked, id=25960, stack(0x0000000103c00000,0x0000000103d00000)]
  0x00000180237caa10 JavaThread "http-nio-8080-exec-10" daemon [_thread_blocked, id=22608, stack(0x0000000103d00000,0x0000000103e00000)]
  0x00000180237caee0 JavaThread "http-nio-8080-ClientPoller" daemon [_thread_in_native, id=25656, stack(0x0000000103e00000,0x0000000103f00000)]
  0x00000180219639e0 JavaThread "http-nio-8080-Acceptor" daemon [_thread_in_native, id=6056, stack(0x0000000103f00000,0x0000000104000000)]

Other Threads:
  0x000001801e8080d0 VMThread "VM Thread" [stack: 0x0000000100c00000,0x0000000100d00000] [id=27160]
  0x000001807eb174b0 WatcherThread [stack: 0x0000000101c00000,0x0000000101d00000] [id=29360]
  0x000001807eafcf60 GCTaskThread "GC Thread#0" [stack: 0x0000000100700000,0x0000000100800000] [id=19800]
  0x000001801f43d380 GCTaskThread "GC Thread#1" [stack: 0x0000000101d00000,0x0000000101e00000] [id=16328]
  0x00000180203b80b0 GCTaskThread "GC Thread#2" [stack: 0x0000000101e00000,0x0000000101f00000] [id=25848]
  0x000001802001fd60 GCTaskThread "GC Thread#3" [stack: 0x0000000101f00000,0x0000000102000000] [id=27436]
  0x00000180200b9910 GCTaskThread "GC Thread#4" [stack: 0x0000000102000000,0x0000000102100000] [id=27484]
  0x000001802001f0d0 GCTaskThread "GC Thread#5" [stack: 0x0000000102100000,0x0000000102200000] [id=23408]
  0x000001802024e420 GCTaskThread "GC Thread#6" [stack: 0x0000000102200000,0x0000000102300000] [id=26052]
  0x0000018020110fe0 GCTaskThread "GC Thread#7" [stack: 0x0000000102300000,0x0000000102400000] [id=11340]
  0x000001807eb0db20 ConcurrentGCThread "G1 Main Marker" [stack: 0x0000000100800000,0x0000000100900000] [id=28808]
  0x000001807eb0ecd0 ConcurrentGCThread "G1 Conc#0" [stack: 0x0000000100900000,0x0000000100a00000] [id=14976]
  0x0000018021bdc810 ConcurrentGCThread "G1 Conc#1" [stack: 0x0000000102900000,0x0000000102a00000] [id=24264]
  0x000001807eb65160 ConcurrentGCThread "G1 Refine#0" [stack: 0x0000000100a00000,0x0000000100b00000] [id=26864]
  0x000001802015a2d0 ConcurrentGCThread "G1 Refine#1" [stack: 0x0000000102400000,0x0000000102500000] [id=22576]
  0x000001807eb65790 ConcurrentGCThread "G1 Service" [stack: 0x0000000100b00000,0x0000000100c00000] [id=8372]

Threads with active compile tasks:

VM state: not at safepoint (normal execution)

VM Mutex/Monitor currently owned by a thread: None

Heap address: 0x0000000703800000, size: 4040 MB, Compressed Oops mode: Zero based, Oop shift amount: 3

CDS archive(s) not mapped
Compressed class space mapped at: 0x0000000800000000-0x0000000840000000, reserved size: 1073741824
Narrow klass base: 0x0000000800000000, Narrow klass shift: 0, Narrow klass range: 0x40000000

GC Precious Log:
 CPUs: 8 total, 8 available
 Memory: 16157M
 Large Page Support: Disabled
 NUMA Support: Disabled
 Compressed Oops: Enabled (Zero based)
 Heap Region Size: 2M
 Heap Min Capacity: 8M
 Heap Initial Capacity: 254M
 Heap Max Capacity: 4040M
 Pre-touch: Disabled
 Parallel Workers: 8
 Concurrent Workers: 2
 Concurrent Refinement Workers: 8
 Periodic GC: Disabled

Heap:
 garbage-first heap   total 102400K, used 56070K [0x0000000703800000, 0x0000000800000000)
  region size 2048K, 11 young (22528K), 2 survivors (4096K)
 Metaspace       used 96829K, committed 97408K, reserved 1138688K
  class space    used 11406K, committed 11712K, reserved 1048576K

Heap Regions: E=young(eden), S=young(survivor), O=old, HS=humongous(starts), HC=humongous(continues), CS=collection set, F=free, OA=open archive, CA=closed archive, TAMS=top-at-mark-start (previous, next)
|   0|0x0000000703800000, 0x00000007039fffe0, 0x0000000703a00000| 99%| O|  |TAMS 0x0000000703800000, 0x0000000703800000| Untracked 
|   1|0x0000000703a00000, 0x0000000703bffff0, 0x0000000703c00000| 99%| O|  |TAMS 0x0000000703bffff0, 0x0000000703a00000| Untracked 
|   2|0x0000000703c00000, 0x0000000703dffff8, 0x0000000703e00000| 99%| O|  |TAMS 0x0000000703dffff8, 0x0000000703c00000| Untracked 
|   3|0x0000000703e00000, 0x0000000704000000, 0x0000000704000000|100%| O|  |TAMS 0x0000000704000000, 0x0000000703e00000| Untracked 
|   4|0x0000000704000000, 0x00000007041ffff8, 0x0000000704200000| 99%| O|  |TAMS 0x00000007041ffff8, 0x0000000704000000| Untracked 
|   5|0x0000000704200000, 0x00000007043fff48, 0x0000000704400000| 99%| O|  |TAMS 0x00000007043fff48, 0x0000000704200000| Untracked 
|   6|0x0000000704400000, 0x00000007045fd0b8, 0x0000000704600000| 99%| O|  |TAMS 0x0000000704400000, 0x0000000704400000| Untracked 
|   7|0x0000000704600000, 0x00000007047ffe78, 0x0000000704800000| 99%| O|  |TAMS 0x0000000704600000, 0x0000000704600000| Untracked 
|   8|0x0000000704800000, 0x0000000704a00000, 0x0000000704a00000|100%| O|  |TAMS 0x0000000704800000, 0x0000000704800000| Untracked 
|   9|0x0000000704a00000, 0x0000000704bffff0, 0x0000000704c00000| 99%| O|  |TAMS 0x0000000704a00000, 0x0000000704a00000| Untracked 
|  10|0x0000000704c00000, 0x0000000704e00000, 0x0000000704e00000|100%| O|  |TAMS 0x0000000704e00000, 0x0000000704c00000| Untracked 
|  11|0x0000000704e00000, 0x0000000704fffff0, 0x0000000705000000| 99%| O|  |TAMS 0x0000000704e00000, 0x0000000704e00000| Untracked 
|  12|0x0000000705000000, 0x00000007051ffff0, 0x0000000705200000| 99%| O|  |TAMS 0x0000000705000000, 0x0000000705000000| Untracked 
|  13|0x0000000705200000, 0x00000007053ffff0, 0x0000000705400000| 99%| O|  |TAMS 0x0000000705200000, 0x0000000705200000| Untracked 
|  14|0x0000000705400000, 0x0000000705558af0, 0x0000000705600000| 67%| O|  |TAMS 0x0000000705400000, 0x0000000705400000| Untracked 
|  15|0x0000000705600000, 0x0000000705800000, 0x0000000705800000|100%| O|  |TAMS 0x0000000705600000, 0x0000000705600000| Untracked 
|  16|0x0000000705800000, 0x0000000705814160, 0x0000000705a00000|  3%| O|  |TAMS 0x0000000705800000, 0x0000000705800000| Untracked 
|  17|0x0000000705a00000, 0x0000000705b12400, 0x0000000705c00000| 53%| O|  |TAMS 0x0000000705a00000, 0x0000000705a00000| Untracked 
|  18|0x0000000705c00000, 0x0000000705cda038, 0x0000000705e00000| 42%| O|  |TAMS 0x0000000705c00000, 0x0000000705c00000| Untracked 
|  19|0x0000000705e00000, 0x0000000705f6bd70, 0x0000000706000000| 71%| O|  |TAMS 0x0000000705e00000, 0x0000000705e00000| Untracked 
|  20|0x0000000706000000, 0x0000000706000000, 0x0000000706200000|  0%| F|  |TAMS 0x0000000706000000, 0x0000000706000000| Untracked 
|  21|0x0000000706200000, 0x0000000706200000, 0x0000000706400000|  0%| F|  |TAMS 0x0000000706200000, 0x0000000706200000| Untracked 
|  22|0x0000000706400000, 0x0000000706400000, 0x0000000706600000|  0%| F|  |TAMS 0x0000000706400000, 0x0000000706400000| Untracked 
|  23|0x0000000706600000, 0x0000000706600000, 0x0000000706800000|  0%| F|  |TAMS 0x0000000706600000, 0x0000000706600000| Untracked 
|  24|0x0000000706800000, 0x0000000706800000, 0x0000000706a00000|  0%| F|  |TAMS 0x0000000706800000, 0x0000000706800000| Untracked 
|  25|0x0000000706a00000, 0x0000000706a00000, 0x0000000706c00000|  0%| F|  |TAMS 0x0000000706a00000, 0x0000000706a00000| Untracked 
|  26|0x0000000706c00000, 0x0000000706c00000, 0x0000000706e00000|  0%| F|  |TAMS 0x0000000706c00000, 0x0000000706c00000| Untracked 
|  27|0x0000000706e00000, 0x0000000707000000, 0x0000000707000000|100%| S|CS|TAMS 0x0000000706e00000, 0x0000000706e00000| Complete 
|  28|0x0000000707000000, 0x0000000707200000, 0x0000000707200000|100%| S|CS|TAMS 0x0000000707000000, 0x0000000707000000| Complete 
|  29|0x0000000707200000, 0x0000000707200000, 0x0000000707400000|  0%| F|  |TAMS 0x0000000707200000, 0x0000000707200000| Untracked 
|  30|0x0000000707400000, 0x0000000707400000, 0x0000000707600000|  0%| F|  |TAMS 0x0000000707400000, 0x0000000707400000| Untracked 
|  31|0x0000000707600000, 0x0000000707600000, 0x0000000707800000|  0%| F|  |TAMS 0x0000000707600000, 0x0000000707600000| Untracked 
|  32|0x0000000707800000, 0x0000000707800000, 0x0000000707a00000|  0%| F|  |TAMS 0x0000000707800000, 0x0000000707800000| Untracked 
|  33|0x0000000707a00000, 0x0000000707a00000, 0x0000000707c00000|  0%| F|  |TAMS 0x0000000707a00000, 0x0000000707a00000| Untracked 
|  34|0x0000000707c00000, 0x0000000707c00000, 0x0000000707e00000|  0%| F|  |TAMS 0x0000000707c00000, 0x0000000707c00000| Untracked 
|  35|0x0000000707e00000, 0x0000000707e00000, 0x0000000708000000|  0%| F|  |TAMS 0x0000000707e00000, 0x0000000707e00000| Untracked 
|  36|0x0000000708000000, 0x0000000708000000, 0x0000000708200000|  0%| F|  |TAMS 0x0000000708000000, 0x0000000708000000| Untracked 
|  37|0x0000000708200000, 0x0000000708200000, 0x0000000708400000|  0%| F|  |TAMS 0x0000000708200000, 0x0000000708200000| Untracked 
|  38|0x0000000708400000, 0x0000000708400000, 0x0000000708600000|  0%| F|  |TAMS 0x0000000708400000, 0x0000000708400000| Untracked 
|  39|0x0000000708600000, 0x0000000708600000, 0x0000000708800000|  0%| F|  |TAMS 0x0000000708600000, 0x0000000708600000| Untracked 
|  40|0x0000000708800000, 0x0000000708800000, 0x0000000708a00000|  0%| F|  |TAMS 0x0000000708800000, 0x0000000708800000| Untracked 
|  41|0x0000000708a00000, 0x0000000708a7e248, 0x0000000708c00000| 24%| E|  |TAMS 0x0000000708a00000, 0x0000000708a00000| Complete 
|  42|0x0000000708c00000, 0x0000000708e00000, 0x0000000708e00000|100%| E|CS|TAMS 0x0000000708c00000, 0x0000000708c00000| Complete 
|  43|0x0000000708e00000, 0x0000000709000000, 0x0000000709000000|100%| E|CS|TAMS 0x0000000708e00000, 0x0000000708e00000| Complete 
|  44|0x0000000709000000, 0x0000000709200000, 0x0000000709200000|100%| E|CS|TAMS 0x0000000709000000, 0x0000000709000000| Complete 
|  45|0x0000000709200000, 0x0000000709400000, 0x0000000709400000|100%| E|CS|TAMS 0x0000000709200000, 0x0000000709200000| Complete 
|  70|0x000000070c400000, 0x000000070c600000, 0x000000070c600000|100%| E|CS|TAMS 0x000000070c400000, 0x000000070c400000| Complete 
|  71|0x000000070c600000, 0x000000070c800000, 0x000000070c800000|100%| E|CS|TAMS 0x000000070c600000, 0x000000070c600000| Complete 
|  72|0x000000070c800000, 0x000000070ca00000, 0x000000070ca00000|100%| E|CS|TAMS 0x000000070c800000, 0x000000070c800000| Complete 
| 126|0x0000000713400000, 0x0000000713600000, 0x0000000713600000|100%| E|CS|TAMS 0x0000000713400000, 0x0000000713400000| Complete 

Card table byte_map: [0x00000180125e0000,0x0000018012dd0000] _byte_map_base: 0x000001800edc4000

Marking Bits (Prev, Next): (CMBitMap*) 0x000001807eafd570, (CMBitMap*) 0x000001807eafd5b0
 Prev Bits: [0x00000180135c0000, 0x00000180174e0000)
 Next Bits: [0x00000180174e0000, 0x000001801b400000)

Polling page: 0x000001807d160000

Metaspace:

Usage:
  Non-class:     83.42 MB used.
      Class:     11.14 MB used.
       Both:     94.56 MB used.

Virtual space:
  Non-class space:       88.00 MB reserved,      83.69 MB ( 95%) committed,  11 nodes.
      Class space:        1.00 GB reserved,      11.44 MB (  1%) committed,  1 nodes.
             Both:        1.09 GB reserved,      95.12 MB (  9%) committed. 

Chunk freelists:
   Non-Class:  3.63 MB
       Class:  482.00 KB
        Both:  4.10 MB

MaxMetaspaceSize: unlimited
CompressedClassSpaceSize: 1.00 GB
Initial GC threshold: 21.00 MB
Current GC threshold: 156.81 MB
CDS: off
MetaspaceReclaimPolicy: balanced
 - commit_granule_bytes: 65536.
 - commit_granule_words: 8192.
 - virtual_space_node_default_size: 1048576.
 - enlarge_chunks_in_place: 1.
 - new_chunks_are_fully_committed: 0.
 - uncommit_free_chunks: 1.
 - use_allocation_guard: 0.
 - handle_deallocations: 1.


Internal statistics:

num_allocs_failed_limit: 9.
num_arena_births: 916.
num_arena_deaths: 108.
num_vsnodes_births: 12.
num_vsnodes_deaths: 0.
num_space_committed: 1522.
num_space_uncommitted: 0.
num_chunks_returned_to_freelist: 139.
num_chunks_taken_from_freelist: 4325.
num_chunk_merges: 24.
num_chunk_splits: 2820.
num_chunks_enlarged: 2022.
num_purges: 6.
num_inconsistent_stats: 0.

CodeHeap 'non-profiled nmethods': size=120000Kb used=11487Kb max_used=11487Kb free=108512Kb
 bounds [0x000001800b0b0000, 0x000001800bbf0000, 0x00000180125e0000]
CodeHeap 'profiled nmethods': size=120000Kb used=22098Kb max_used=22098Kb free=97901Kb
 bounds [0x0000018003b80000, 0x0000018005120000, 0x000001800b0b0000]
CodeHeap 'non-nmethods': size=5760Kb used=1510Kb max_used=1660Kb free=4250Kb
 bounds [0x00000180035e0000, 0x0000018003850000, 0x0000018003b80000]
 total_blobs=12574 nmethods=11775 adapters=709
 compilation: enabled
              stopped_count=0, restarted_count=0
 full_count=0

Compilation events (20 events):
Event: 4317.034 Thread 0x000001801e882340 nmethod 14411 0x0000018005111b90 code [0x0000018005111ea0, 0x0000018005112eb8]
Event: 4317.054 Thread 0x0000018020456ec0 nmethod 14379 0x000001800bbd5e90 code [0x000001800bbd6240, 0x000001800bbd8878]
Event: 4317.054 Thread 0x0000018020456ec0 14403       4       org.springframework.boot.autoconfigure.condition.ConditionEvaluationReport$$Lambda$1272/0x0000000800997b68::accept (20 bytes)
Event: 4317.076 Thread 0x000001802ae300b0 nmethod 14402 0x000001800bbda710 code [0x000001800bbda960, 0x000001800bbdbd50]
Event: 4317.076 Thread 0x000001802ae300b0 14409       4       org.springframework.cglib.core.Signature::<init> (56 bytes)
Event: 4317.080 Thread 0x000001802ae300b0 nmethod 14409 0x000001800bbdc910 code [0x000001800bbdca80, 0x000001800bbdce38]
Event: 4317.080 Thread 0x000001802ae300b0 14408       4       java.util.LinkedList::listIterator (15 bytes)
Event: 4317.084 Thread 0x000001802ae300b0 nmethod 14408 0x000001800bbdd010 code [0x000001800bbdd1a0, 0x000001800bbdd428]
Event: 4317.084 Thread 0x000001802ae300b0 14410       4       org.springframework.cglib.core.TypeUtils::ICONST (63 bytes)
Event: 4317.085 Thread 0x000001802ae300b0 nmethod 14410 0x000001800bbdd590 code [0x000001800bbdd700, 0x000001800bbdd7d8]
Event: 4317.104 Thread 0x0000018020456ec0 nmethod 14403 0x000001800bbdd890 code [0x000001800bbddb00, 0x000001800bbdeff0]
Event: 4317.126 Thread 0x000001801e880e80 nmethod 14354 0x000001800bbdfc10 code [0x000001800bbe0120, 0x000001800bbe4040]
Event: 4317.551 Thread 0x0000018020456ec0 14412       4       org.apache.kafka.common.requests.FetchMetadata::nextEpoch (18 bytes)
Event: 4317.551 Thread 0x000001801e882340 14413       3       org.apache.kafka.common.record.RecordBatchIterator::makeNext (5 bytes)
Event: 4317.553 Thread 0x000001801e882340 nmethod 14413 0x0000018005113490 code [0x0000018005113680, 0x0000018005113b98]
Event: 4317.553 Thread 0x000001801e882340 14414   !   3       org.apache.kafka.common.record.RecordBatchIterator::makeNext (34 bytes)
Event: 4317.553 Thread 0x0000018020456ec0 nmethod 14412 0x000001800bbe7c90 code [0x000001800bbe7e00, 0x000001800bbe7e98]
Event: 4317.554 Thread 0x000001801e882340 nmethod 14414 0x0000018005113e10 code [0x0000018005114000, 0x00000180051144d8]
Event: 4317.554 Thread 0x000001801e882340 14415       3       org.apache.kafka.common.metrics.Sensor::checkForest (81 bytes)
Event: 4317.556 Thread 0x000001801e882340 nmethod 14415 0x0000018005114710 code [0x0000018005114980, 0x00000180051152e8]

GC Heap History (20 events):
Event: 3097.705 GC heap before
{Heap before GC invocations=51 (full 2):
 garbage-first heap   total 102400K, used 85370K [0x0000000703800000, 0x0000000800000000)
  region size 2048K, 23 young (47104K), 1 survivors (2048K)
 Metaspace       used 94643K, committed 95232K, reserved 1138688K
  class space    used 11254K, committed 11520K, reserved 1048576K
}
Event: 3097.712 GC heap after
{Heap after GC invocations=52 (full 2):
 garbage-first heap   total 102400K, used 40790K [0x0000000703800000, 0x0000000800000000)
  region size 2048K, 2 young (4096K), 2 survivors (4096K)
 Metaspace       used 94643K, committed 95232K, reserved 1138688K
  class space    used 11254K, committed 11520K, reserved 1048576K
}
Event: 3325.057 GC heap before
{Heap before GC invocations=52 (full 2):
 garbage-first heap   total 102400K, used 81750K [0x0000000703800000, 0x0000000800000000)
  region size 2048K, 22 young (45056K), 2 survivors (4096K)
 Metaspace       used 94729K, committed 95296K, reserved 1138688K
  class space    used 11257K, committed 11520K, reserved 1048576K
}
Event: 3325.065 GC heap after
{Heap after GC invocations=53 (full 2):
 garbage-first heap   total 102400K, used 41037K [0x0000000703800000, 0x0000000800000000)
  region size 2048K, 2 young (4096K), 2 survivors (4096K)
 Metaspace       used 94729K, committed 95296K, reserved 1138688K
  class space    used 11257K, committed 11520K, reserved 1048576K
}
Event: 3569.418 GC heap before
{Heap before GC invocations=53 (full 2):
 garbage-first heap   total 102400K, used 81997K [0x0000000703800000, 0x0000000800000000)
  region size 2048K, 22 young (45056K), 2 survivors (4096K)
 Metaspace       used 94802K, committed 95360K, reserved 1138688K
  class space    used 11258K, committed 11520K, reserved 1048576K
}
Event: 3569.423 GC heap after
{Heap after GC invocations=54 (full 2):
 garbage-first heap   total 102400K, used 40992K [0x0000000703800000, 0x0000000800000000)
  region size 2048K, 2 young (4096K), 2 survivors (4096K)
 Metaspace       used 94802K, committed 95360K, reserved 1138688K
  class space    used 11258K, committed 11520K, reserved 1048576K
}
Event: 3817.290 GC heap before
{Heap before GC invocations=54 (full 2):
 garbage-first heap   total 102400K, used 81952K [0x0000000703800000, 0x0000000800000000)
  region size 2048K, 22 young (45056K), 2 survivors (4096K)
 Metaspace       used 94845K, committed 95424K, reserved 1138688K
  class space    used 11259K, committed 11520K, reserved 1048576K
}
Event: 3817.300 GC heap after
{Heap after GC invocations=55 (full 2):
 garbage-first heap   total 102400K, used 41014K [0x0000000703800000, 0x0000000800000000)
  region size 2048K, 2 young (4096K), 2 survivors (4096K)
 Metaspace       used 94845K, committed 95424K, reserved 1138688K
  class space    used 11259K, committed 11520K, reserved 1048576K
}
Event: 4072.794 GC heap before
{Heap before GC invocations=55 (full 2):
 garbage-first heap   total 102400K, used 81974K [0x0000000703800000, 0x0000000800000000)
  region size 2048K, 22 young (45056K), 2 survivors (4096K)
 Metaspace       used 94850K, committed 95424K, reserved 1138688K
  class space    used 11259K, committed 11520K, reserved 1048576K
}
Event: 4072.801 GC heap after
{Heap after GC invocations=56 (full 2):
 garbage-first heap   total 102400K, used 40991K [0x0000000703800000, 0x0000000800000000)
  region size 2048K, 2 young (4096K), 2 survivors (4096K)
 Metaspace       used 94850K, committed 95424K, reserved 1138688K
  class space    used 11259K, committed 11520K, reserved 1048576K
}
Event: 4294.416 GC heap before
{Heap before GC invocations=56 (full 2):
 garbage-first heap   total 102400K, used 81951K [0x0000000703800000, 0x0000000800000000)
  region size 2048K, 22 young (45056K), 2 survivors (4096K)
 Metaspace       used 95692K, committed 96320K, reserved 1138688K
  class space    used 11331K, committed 11648K, reserved 1048576K
}
Event: 4294.425 GC heap after
{Heap after GC invocations=57 (full 2):
 garbage-first heap   total 102400K, used 41318K [0x0000000703800000, 0x0000000800000000)
  region size 2048K, 2 young (4096K), 2 survivors (4096K)
 Metaspace       used 95692K, committed 96320K, reserved 1138688K
  class space    used 11331K, committed 11648K, reserved 1048576K
}
Event: 4313.940 GC heap before
{Heap before GC invocations=57 (full 2):
 garbage-first heap   total 102400K, used 47462K [0x0000000703800000, 0x0000000800000000)
  region size 2048K, 6 young (12288K), 2 survivors (4096K)
 Metaspace       used 95715K, committed 96320K, reserved 1138688K
  class space    used 11333K, committed 11648K, reserved 1048576K
}
Event: 4314.034 GC heap after
{Heap after GC invocations=58 (full 3):
 garbage-first heap   total 102400K, used 32445K [0x0000000703800000, 0x0000000800000000)
  region size 2048K, 0 young (0K), 0 survivors (0K)
 Metaspace       used 95622K, committed 96320K, reserved 1138688K
  class space    used 11312K, committed 11648K, reserved 1048576K
}
Event: 4315.237 GC heap before
{Heap before GC invocations=58 (full 3):
 garbage-first heap   total 102400K, used 85693K [0x0000000703800000, 0x0000000800000000)
  region size 2048K, 26 young (53248K), 0 survivors (0K)
 Metaspace       used 95986K, committed 96512K, reserved 1138688K
  class space    used 11357K, committed 11648K, reserved 1048576K
}
Event: 4315.241 GC heap after
{Heap after GC invocations=59 (full 3):
 garbage-first heap   total 102400K, used 35915K [0x0000000703800000, 0x0000000800000000)
  region size 2048K, 2 young (4096K), 2 survivors (4096K)
 Metaspace       used 95986K, committed 96512K, reserved 1138688K
  class space    used 11357K, committed 11648K, reserved 1048576K
}
Event: 4316.214 GC heap before
{Heap before GC invocations=59 (full 3):
 garbage-first heap   total 102400K, used 83019K [0x0000000703800000, 0x0000000800000000)
  region size 2048K, 25 young (51200K), 2 survivors (4096K)
 Metaspace       used 96338K, committed 96896K, reserved 1138688K
  class space    used 11374K, committed 11648K, reserved 1048576K
}
Event: 4316.220 GC heap after
{Heap after GC invocations=60 (full 3):
 garbage-first heap   total 102400K, used 37973K [0x0000000703800000, 0x0000000800000000)
  region size 2048K, 3 young (6144K), 3 survivors (6144K)
 Metaspace       used 96338K, committed 96896K, reserved 1138688K
  class space    used 11374K, committed 11648K, reserved 1048576K
}
Event: 4316.756 GC heap before
{Heap before GC invocations=60 (full 3):
 garbage-first heap   total 102400K, used 80981K [0x0000000703800000, 0x0000000800000000)
  region size 2048K, 24 young (49152K), 3 survivors (6144K)
 Metaspace       used 96743K, committed 97344K, reserved 1138688K
  class space    used 11400K, committed 11712K, reserved 1048576K
}
Event: 4316.765 GC heap after
{Heap after GC invocations=61 (full 3):
 garbage-first heap   total 102400K, used 39686K [0x0000000703800000, 0x0000000800000000)
  region size 2048K, 2 young (4096K), 2 survivors (4096K)
 Metaspace       used 96743K, committed 97344K, reserved 1138688K
  class space    used 11400K, committed 11712K, reserved 1048576K
}

Deoptimization events (20 events):
Event: 4317.020 Thread 0x0000018023451c50 DEOPT PACKING pc=0x00000180047be7ac sp=0x00000001001fe200
Event: 4317.020 Thread 0x0000018023451c50 DEOPT UNPACKING pc=0x0000018003632b43 sp=0x00000001001fd768 mode 1
Event: 4317.023 Thread 0x0000018023451c50 DEOPT PACKING pc=0x00000180044674a4 sp=0x00000001001fd4d0
Event: 4317.023 Thread 0x0000018023451c50 DEOPT UNPACKING pc=0x0000018003632b43 sp=0x00000001001fcbb0 mode 1
Event: 4317.023 Thread 0x0000018023451c50 DEOPT PACKING pc=0x00000180044abc6c sp=0x00000001001fd850
Event: 4317.023 Thread 0x0000018023451c50 DEOPT UNPACKING pc=0x0000018003632b43 sp=0x00000001001fcd18 mode 1
Event: 4317.025 Thread 0x0000018023451c50 DEOPT PACKING pc=0x00000180040feda9 sp=0x00000001001fc5e0
Event: 4317.025 Thread 0x0000018023451c50 DEOPT UNPACKING pc=0x0000018003632b43 sp=0x00000001001fbab8 mode 1
Event: 4317.025 Thread 0x0000018023451c50 DEOPT PACKING pc=0x00000180040fd71c sp=0x00000001001fc670
Event: 4317.025 Thread 0x0000018023451c50 DEOPT UNPACKING pc=0x0000018003632b43 sp=0x00000001001fbc08 mode 1
Event: 4317.025 Thread 0x0000018023451c50 DEOPT PACKING pc=0x00000180040fa12c sp=0x00000001001fc7c0
Event: 4317.025 Thread 0x0000018023451c50 DEOPT UNPACKING pc=0x0000018003632b43 sp=0x00000001001fbd80 mode 1
Event: 4317.025 Thread 0x00000180237ca070 Uncommon trap: trap_request=0xffffffde fr.pc=0x000001800b6dcd5c relative=0x00000000000000bc
Event: 4317.025 Thread 0x00000180237ca070 Uncommon trap: reason=class_check action=maybe_recompile pc=0x000001800b6dcd5c method=org.apache.kafka.clients.consumer.internals.SubscriptionState$TopicPartitionState.hasValidPosition()Z @ 4 c2
Event: 4317.025 Thread 0x00000180237ca070 DEOPT PACKING pc=0x000001800b6dcd5c sp=0x00000001031fe380
Event: 4317.025 Thread 0x00000180237ca070 DEOPT UNPACKING pc=0x00000180036323a3 sp=0x00000001031fe210 mode 2
Event: 4317.028 Thread 0x0000018023451c50 DEOPT PACKING pc=0x00000180044674a4 sp=0x00000001001fd4d0
Event: 4317.028 Thread 0x0000018023451c50 DEOPT UNPACKING pc=0x0000018003632b43 sp=0x00000001001fcbb0 mode 1
Event: 4317.028 Thread 0x0000018023451c50 DEOPT PACKING pc=0x00000180044abc6c sp=0x00000001001fd850
Event: 4317.029 Thread 0x0000018023451c50 DEOPT UNPACKING pc=0x0000018003632b43 sp=0x00000001001fcd18 mode 1

Classes unloaded (20 events):
Event: 4313.972 Thread 0x000001801e8080d0 Unloading class 0x0000000800944400 'java/lang/invoke/LambdaForm$MH+0x0000000800944400'
Event: 4313.972 Thread 0x000001801e8080d0 Unloading class 0x0000000800794400 'java/lang/invoke/LambdaForm$DMH+0x0000000800794400'
Event: 4313.972 Thread 0x000001801e8080d0 Unloading class 0x00000008004b0c00 'java/lang/invoke/LambdaForm$DMH+0x00000008004b0c00'
Event: 4313.972 Thread 0x000001801e8080d0 Unloading class 0x00000008004b0400 'java/lang/invoke/LambdaForm$DMH+0x00000008004b0400'
Event: 4313.972 Thread 0x000001801e8080d0 Unloading class 0x000000080034c400 'java/lang/invoke/LambdaForm$DMH+0x000000080034c400'
Event: 4313.972 Thread 0x000001801e8080d0 Unloading class 0x00000008002da800 'java/lang/invoke/LambdaForm$MH+0x00000008002da800'
Event: 4313.972 Thread 0x000001801e8080d0 Unloading class 0x00000008002da400 'java/lang/invoke/LambdaForm$MH+0x00000008002da400'
Event: 4313.972 Thread 0x000001801e8080d0 Unloading class 0x00000008002da000 'java/lang/invoke/LambdaForm$MH+0x00000008002da000'
Event: 4313.972 Thread 0x000001801e8080d0 Unloading class 0x00000008002d9c00 'java/lang/invoke/LambdaForm$MH+0x00000008002d9c00'
Event: 4313.972 Thread 0x000001801e8080d0 Unloading class 0x00000008002d9400 'java/lang/invoke/LambdaForm$MH+0x00000008002d9400'
Event: 4313.972 Thread 0x000001801e8080d0 Unloading class 0x00000008002d9000 'java/lang/invoke/LambdaForm$MH+0x00000008002d9000'
Event: 4313.972 Thread 0x000001801e8080d0 Unloading class 0x00000008002d8c00 'java/lang/invoke/LambdaForm$MH+0x00000008002d8c00'
Event: 4313.972 Thread 0x000001801e8080d0 Unloading class 0x00000008002d8800 'java/lang/invoke/LambdaForm$MH+0x00000008002d8800'
Event: 4313.972 Thread 0x000001801e8080d0 Unloading class 0x0000000800250800 'jdk/internal/reflect/GeneratedConstructorAccessor4'
Event: 4313.972 Thread 0x000001801e8080d0 Unloading class 0x00000008001b8800 'java/lang/invoke/LambdaForm$MH+0x00000008001b8800'
Event: 4313.972 Thread 0x000001801e8080d0 Unloading class 0x00000008001b8000 'java/lang/invoke/LambdaForm$MH+0x00000008001b8000'
Event: 4313.972 Thread 0x000001801e8080d0 Unloading class 0x00000008001b5c00 'java/lang/invoke/LambdaForm$MH+0x00000008001b5c00'
Event: 4313.972 Thread 0x000001801e8080d0 Unloading class 0x00000008001b5800 'java/lang/invoke/LambdaForm$MH+0x00000008001b5800'
Event: 4313.972 Thread 0x000001801e8080d0 Unloading class 0x00000008001b5000 'java/lang/invoke/LambdaForm$MH+0x00000008001b5000'
Event: 4313.972 Thread 0x000001801e8080d0 Unloading class 0x00000008001b4800 'java/lang/invoke/LambdaForm$MH+0x00000008001b4800'

Classes redefined (10 events):
Event: 1295.473 Thread 0x000001801e8080d0 redefined class name=com.captcha.config.SetupDataLoader, count=1
Event: 1304.643 Thread 0x000001801e8080d0 redefined class name=com.captcha.config.SetupDataLoader, count=1
Event: 1304.643 Thread 0x000001801e8080d0 redefined class name=com.captcha.config.SetupDataLoader, count=2
Event: 4312.720 Thread 0x000001801e8080d0 redefined class name=com.captcha.config.SetupDataLoader, count=1
Event: 4312.720 Thread 0x000001801e8080d0 redefined class name=com.captcha.config.SetupDataLoader, count=2
Event: 4312.721 Thread 0x000001801e8080d0 redefined class name=com.captcha.config.SetupDataLoader, count=3
Event: 4318.125 Thread 0x000001801e8080d0 redefined class name=com.captcha.config.SetupDataLoader, count=4
Event: 4318.125 Thread 0x000001801e8080d0 redefined class name=com.captcha.config.SetupDataLoader, count=1
Event: 4318.125 Thread 0x000001801e8080d0 redefined class name=com.captcha.config.SetupDataLoader, count=2
Event: 4318.125 Thread 0x000001801e8080d0 redefined class name=com.captcha.config.SetupDataLoader, count=3

Internal exceptions (20 events):
Event: 4315.229 Thread 0x0000018023451c50 Exception <a 'java/lang/ClassNotFoundException'{0x00000007069e8d40}: org/springframework/context/annotation/ConfigurationClassEnhancer$EnhancedConfigurationCustomizer> (0x00000007069e8d40) 
thrown [e:\jenkins\tmp\workspace\build\src\src\hotspot\share\classfile\systemDictionary.cpp, line 256]
Event: 4315.232 Thread 0x0000018023451c50 Exception <a 'java/lang/ClassNotFoundException'{0x00000007069f03b0}: org/springframework/beans/factory/BeanFactoryAwareCustomizer> (0x00000007069f03b0) 
thrown [e:\jenkins\tmp\workspace\build\src\src\hotspot\share\classfile\systemDictionary.cpp, line 256]
Event: 4315.234 Thread 0x0000018023451c50 Exception <a 'java/lang/ClassNotFoundException'{0x00000007069f9110}: org/springframework/beans/factory/AwareCustomizer> (0x00000007069f9110) 
thrown [e:\jenkins\tmp\workspace\build\src\src\hotspot\share\classfile\systemDictionary.cpp, line 256]
Event: 4315.242 Thread 0x0000018023451c50 Exception <a 'java/lang/ClassNotFoundException'{0x0000000713400f70}: org/springframework/security/config/annotation/web/WebSecurityConfigurerCustomizer> (0x0000000713400f70) 
thrown [e:\jenkins\tmp\workspace\build\src\src\hotspot\share\classfile\systemDictionary.cpp, line 256]
Event: 4315.246 Thread 0x0000018023451c50 Exception <a 'java/lang/ClassNotFoundException'{0x0000000713408b50}: org/springframework/security/config/annotation/SecurityConfigurerCustomizer> (0x0000000713408b50) 
thrown [e:\jenkins\tmp\workspace\build\src\src\hotspot\share\classfile\systemDictionary.cpp, line 256]
Event: 4316.157 Thread 0x0000018023451c50 Exception <a 'java/lang/ClassNotFoundException'{0x0000000707493a10}: java/lang/ObjectCustomizer> (0x0000000707493a10) 
thrown [e:\jenkins\tmp\workspace\build\src\src\hotspot\share\classfile\systemDictionary.cpp, line 256]
Event: 4316.159 Thread 0x0000018023451c50 Exception <a 'java/lang/ClassNotFoundException'{0x00000007074a0db8}: com/captcha/model/UserCustomizer> (0x00000007074a0db8) 
thrown [e:\jenkins\tmp\workspace\build\src\src\hotspot\share\classfile\systemDictionary.cpp, line 256]
Event: 4316.166 Thread 0x0000018023451c50 Exception <a 'java/lang/ClassNotFoundException'{0x0000000707520750}: java/lang/ObjectCustomizer> (0x0000000707520750) 
thrown [e:\jenkins\tmp\workspace\build\src\src\hotspot\share\classfile\systemDictionary.cpp, line 256]
Event: 4316.170 Thread 0x0000018023451c50 Exception <a 'java/lang/ClassNotFoundException'{0x000000070752daf8}: com/captcha/model/RoleCustomizer> (0x000000070752daf8) 
thrown [e:\jenkins\tmp\workspace\build\src\src\hotspot\share\classfile\systemDictionary.cpp, line 256]
Event: 4316.192 Thread 0x0000018023451c50 Exception <a 'java/lang/reflect/InvocationTargetException'{0x0000000707175f68}> (0x0000000707175f68) 
thrown [e:\jenkins\tmp\workspace\build\src\src\hotspot\share\runtime\reflection.cpp, line 1121]
Event: 4316.193 Thread 0x0000018023451c50 Exception <a 'java/lang/reflect/InvocationTargetException'{0x000000070717ff58}> (0x000000070717ff58) 
thrown [e:\jenkins\tmp\workspace\build\src\src\hotspot\share\runtime\reflection.cpp, line 1121]
Event: 4316.228 Thread 0x0000018023451c50 Exception <a 'java/lang/reflect/InvocationTargetException'{0x000000070c83a810}> (0x000000070c83a810) 
thrown [e:\jenkins\tmp\workspace\build\src\src\hotspot\share\runtime\reflection.cpp, line 1121]
Event: 4316.306 Thread 0x0000018023451c50 Exception <a 'java/io/FileNotFoundException'{0x0000000709219fc0}> (0x0000000709219fc0) 
thrown [e:\jenkins\tmp\workspace\build\src\src\hotspot\share\prims\jni.cpp, line 516]
Event: 4316.328 Thread 0x0000018023451c50 Exception <a 'java/lang/ClassNotFoundException'{0x000000070930e2c8}: java/lang/ObjectCustomizer> (0x000000070930e2c8) 
thrown [e:\jenkins\tmp\workspace\build\src\src\hotspot\share\classfile\systemDictionary.cpp, line 256]
Event: 4316.330 Thread 0x0000018023451c50 Exception <a 'java/lang/ClassNotFoundException'{0x0000000709316b28}: com/captcha/models/RandomStringCustomizer> (0x0000000709316b28) 
thrown [e:\jenkins\tmp\workspace\build\src\src\hotspot\share\classfile\systemDictionary.cpp, line 256]
Event: 4316.387 Thread 0x0000018023451c50 Exception <a 'java/lang/ClassNotFoundException'{0x0000000708fdf618}: java/lang/ObjectCustomizer> (0x0000000708fdf618) 
thrown [e:\jenkins\tmp\workspace\build\src\src\hotspot\share\classfile\systemDictionary.cpp, line 256]
Event: 4316.389 Thread 0x0000018023451c50 Exception <a 'java/lang/ClassNotFoundException'{0x0000000708fe89f0}: com/captcha/model/OrderCustomizer> (0x0000000708fe89f0) 
thrown [e:\jenkins\tmp\workspace\build\src\src\hotspot\share\classfile\systemDictionary.cpp, line 256]
Event: 4316.402 Thread 0x0000018023451c50 Exception <a 'java/lang/reflect/InvocationTargetException'{0x0000000708b36060}> (0x0000000708b36060) 
thrown [e:\jenkins\tmp\workspace\build\src\src\hotspot\share\runtime\reflection.cpp, line 1121]
Event: 4316.489 Thread 0x0000018023451c50 Exception <a 'java/lang/ClassNotFoundException'{0x00000007085346a0}: java/lang/ObjectCustomizer> (0x00000007085346a0) 
thrown [e:\jenkins\tmp\workspace\build\src\src\hotspot\share\classfile\systemDictionary.cpp, line 256]
Event: 4316.494 Thread 0x0000018023451c50 Exception <a 'java/lang/ClassNotFoundException'{0x000000070853ce00}: com/captcha/models/LoginDataCustomizer> (0x000000070853ce00) 
thrown [e:\jenkins\tmp\workspace\build\src\src\hotspot\share\classfile\systemDictionary.cpp, line 256]

VM Operations (20 events):
Event: 4318.219 Executing VM operation: get/set locals
Event: 4318.219 Executing VM operation: get/set locals done
Event: 4318.224 Executing VM operation: ChangeSingleStep
Event: 4318.224 Executing VM operation: ChangeSingleStep done
Event: 4318.239 Executing VM operation: GetObjectMonitorUsage
Event: 4318.239 Executing VM operation: GetObjectMonitorUsage done
Event: 4318.240 Executing VM operation: GetObjectMonitorUsage
Event: 4318.240 Executing VM operation: GetObjectMonitorUsage done
Event: 4318.242 Executing VM operation: GetObjectMonitorUsage
Event: 4318.242 Executing VM operation: GetObjectMonitorUsage done
Event: 4318.243 Executing VM operation: GetObjectMonitorUsage
Event: 4318.243 Executing VM operation: GetObjectMonitorUsage done
Event: 4318.274 Executing VM operation: GetObjectMonitorUsage
Event: 4318.274 Executing VM operation: GetObjectMonitorUsage done
Event: 4318.275 Executing VM operation: GetObjectMonitorUsage
Event: 4318.275 Executing VM operation: GetObjectMonitorUsage done
Event: 4318.277 Executing VM operation: GetObjectMonitorUsage
Event: 4318.277 Executing VM operation: GetObjectMonitorUsage done
Event: 4318.278 Executing VM operation: GetObjectMonitorUsage
Event: 4318.278 Executing VM operation: GetObjectMonitorUsage done

Events (20 events):
Event: 4316.489 loading class java/lang/ObjectCustomizer
Event: 4316.489 loading class java/lang/ObjectCustomizer done
Event: 4316.935 Thread 0x00000180237c9ba0 Thread added: 0x00000180237c9ba0
Event: 4316.969 Thread 0x00000180237cb3b0 Thread added: 0x00000180237cb3b0
Event: 4316.970 Thread 0x00000180237ca070 Thread added: 0x00000180237ca070
Event: 4316.983 Thread 0x00000180237c8390 Thread added: 0x00000180237c8390
Event: 4316.983 Thread 0x00000180237ccbc0 Thread added: 0x00000180237ccbc0
Event: 4316.984 Thread 0x00000180237ce8a0 Thread added: 0x00000180237ce8a0
Event: 4316.984 Thread 0x00000180237c79f0 Thread added: 0x00000180237c79f0
Event: 4316.985 Thread 0x00000180237c8860 Thread added: 0x00000180237c8860
Event: 4316.985 Thread 0x00000180237c8d30 Thread added: 0x00000180237c8d30
Event: 4316.986 Thread 0x00000180237c9200 Thread added: 0x00000180237c9200
Event: 4316.987 Thread 0x00000180237cda30 Thread added: 0x00000180237cda30
Event: 4316.987 Thread 0x00000180237cb880 Thread added: 0x00000180237cb880
Event: 4316.988 Thread 0x00000180237c96d0 Thread added: 0x00000180237c96d0
Event: 4316.990 Thread 0x00000180237ca540 Thread added: 0x00000180237ca540
Event: 4316.991 Thread 0x00000180237caa10 Thread added: 0x00000180237caa10
Event: 4317.006 Thread 0x00000180237caee0 Thread added: 0x00000180237caee0
Event: 4317.007 Thread 0x00000180219639e0 Thread added: 0x00000180219639e0
Event: 4317.551 Thread 0x000001802ae300b0 Thread exited: 0x000001802ae300b0


Dynamic libraries:
0x00007ff76fe70000 - 0x00007ff76fe7e000 	C:\Users\T3328SG\Downloads\eclipse-jee-2022-03-R-win32-x86_64\eclipse\plugins\org.eclipse.justj.openjdk.hotspot.jre.full.win32.x86_64_17.0.2.v20220201-1208\jre\bin\javaw.exe
0x00007ffea8990000 - 0x00007ffea8b88000 	C:\WINDOWS\SYSTEM32\ntdll.dll
0x00007ffea8520000 - 0x00007ffea85dd000 	C:\WINDOWS\System32\KERNEL32.DLL
0x00007ffea6300000 - 0x00007ffea65f6000 	C:\WINDOWS\System32\KERNELBASE.dll
0x00007ffea6800000 - 0x00007ffea6900000 	C:\WINDOWS\System32\ucrtbase.dll
0x00007ffe7c0c0000 - 0x00007ffe7c0d9000 	C:\Users\T3328SG\Downloads\eclipse-jee-2022-03-R-win32-x86_64\eclipse\plugins\org.eclipse.justj.openjdk.hotspot.jre.full.win32.x86_64_17.0.2.v20220201-1208\jre\bin\VCRUNTIME140.dll
0x00007ffe7df80000 - 0x00007ffe7df98000 	C:\Users\T3328SG\Downloads\eclipse-jee-2022-03-R-win32-x86_64\eclipse\plugins\org.eclipse.justj.openjdk.hotspot.jre.full.win32.x86_64_17.0.2.v20220201-1208\jre\bin\jli.dll
0x00007ffea74b0000 - 0x00007ffea764e000 	C:\WINDOWS\System32\USER32.dll
0x00007ffe851c0000 - 0x00007ffe8545a000 	C:\WINDOWS\WinSxS\amd64_microsoft.windows.common-controls_6595b64144ccf1df_6.0.19041.3636_none_60b6a03d71f818d5\COMCTL32.dll
0x00007ffea62d0000 - 0x00007ffea62f2000 	C:\WINDOWS\System32\win32u.dll
0x00007ffea8170000 - 0x00007ffea820e000 	C:\WINDOWS\System32\msvcrt.dll
0x00007ffea7b20000 - 0x00007ffea7b4c000 	C:\WINDOWS\System32\GDI32.dll
0x00007ffea6100000 - 0x00007ffea621a000 	C:\WINDOWS\System32\gdi32full.dll
0x00007ffea6900000 - 0x00007ffea699d000 	C:\WINDOWS\System32\msvcp_win.dll
0x00007ffea7e60000 - 0x00007ffea7e90000 	C:\WINDOWS\System32\IMM32.DLL
0x000001807d180000 - 0x000001807d194000 	C:\WINDOWS\System32\umppc17706.dll
0x00007ffe81440000 - 0x00007ffe8144c000 	C:\Users\T3328SG\Downloads\eclipse-jee-2022-03-R-win32-x86_64\eclipse\plugins\org.eclipse.justj.openjdk.hotspot.jre.full.win32.x86_64_17.0.2.v20220201-1208\jre\bin\vcruntime140_1.dll
0x00007ffe5e830000 - 0x00007ffe5e8c1000 	C:\Users\T3328SG\Downloads\eclipse-jee-2022-03-R-win32-x86_64\eclipse\plugins\org.eclipse.justj.openjdk.hotspot.jre.full.win32.x86_64_17.0.2.v20220201-1208\jre\bin\msvcp140.dll
0x00007ffe09f30000 - 0x00007ffe0ab77000 	C:\Users\T3328SG\Downloads\eclipse-jee-2022-03-R-win32-x86_64\eclipse\plugins\org.eclipse.justj.openjdk.hotspot.jre.full.win32.x86_64_17.0.2.v20220201-1208\jre\bin\server\jvm.dll
0x00007ffea88a0000 - 0x00007ffea894f000 	C:\WINDOWS\System32\ADVAPI32.dll
0x00007ffea8020000 - 0x00007ffea80bc000 	C:\WINDOWS\System32\sechost.dll
0x00007ffea83f0000 - 0x00007ffea8516000 	C:\WINDOWS\System32\RPCRT4.dll
0x00007ffea7fb0000 - 0x00007ffea7fb8000 	C:\WINDOWS\System32\PSAPI.DLL
0x00007ffe7a580000 - 0x00007ffe7a589000 	C:\WINDOWS\SYSTEM32\WSOCK32.dll
0x00007ffea8210000 - 0x00007ffea827b000 	C:\WINDOWS\System32\WS2_32.dll
0x00007ffe8c370000 - 0x00007ffe8c397000 	C:\WINDOWS\SYSTEM32\WINMM.dll
0x00007ffe9f4c0000 - 0x00007ffe9f4ca000 	C:\WINDOWS\SYSTEM32\VERSION.dll
0x00007ffea4690000 - 0x00007ffea46a2000 	C:\WINDOWS\SYSTEM32\kernel.appcore.dll
0x00007ffe9ef50000 - 0x00007ffe9ef5a000 	C:\Users\T3328SG\Downloads\eclipse-jee-2022-03-R-win32-x86_64\eclipse\plugins\org.eclipse.justj.openjdk.hotspot.jre.full.win32.x86_64_17.0.2.v20220201-1208\jre\bin\jimage.dll
0x00007ffea43a0000 - 0x00007ffea4584000 	C:\WINDOWS\SYSTEM32\DBGHELP.DLL
0x00007ffe890c0000 - 0x00007ffe890f4000 	C:\WINDOWS\SYSTEM32\dbgcore.DLL
0x00007ffea6070000 - 0x00007ffea60f2000 	C:\WINDOWS\System32\bcryptPrimitives.dll
0x00007ffe5ef30000 - 0x00007ffe5ef6b000 	C:\Users\T3328SG\Downloads\eclipse-jee-2022-03-R-win32-x86_64\eclipse\plugins\org.eclipse.justj.openjdk.hotspot.jre.full.win32.x86_64_17.0.2.v20220201-1208\jre\bin\jdwp.dll
0x00007ffe78960000 - 0x00007ffe7896e000 	C:\Users\T3328SG\Downloads\eclipse-jee-2022-03-R-win32-x86_64\eclipse\plugins\org.eclipse.justj.openjdk.hotspot.jre.full.win32.x86_64_17.0.2.v20220201-1208\jre\bin\instrument.dll
0x00007ffe803f0000 - 0x00007ffe80415000 	C:\Users\T3328SG\Downloads\eclipse-jee-2022-03-R-win32-x86_64\eclipse\plugins\org.eclipse.justj.openjdk.hotspot.jre.full.win32.x86_64_17.0.2.v20220201-1208\jre\bin\java.dll
0x00007ffe87c40000 - 0x00007ffe87c58000 	C:\Users\T3328SG\Downloads\eclipse-jee-2022-03-R-win32-x86_64\eclipse\plugins\org.eclipse.justj.openjdk.hotspot.jre.full.win32.x86_64_17.0.2.v20220201-1208\jre\bin\zip.dll
0x00007ffea6d60000 - 0x00007ffea74a4000 	C:\WINDOWS\System32\SHELL32.dll
0x00007ffea3c00000 - 0x00007ffea439b000 	C:\WINDOWS\SYSTEM32\windows.storage.dll
0x00007ffea6a00000 - 0x00007ffea6d54000 	C:\WINDOWS\System32\combase.dll
0x00007ffea5ab0000 - 0x00007ffea5add000 	C:\WINDOWS\SYSTEM32\Wldp.dll
0x00007ffea80c0000 - 0x00007ffea816d000 	C:\WINDOWS\System32\SHCORE.dll
0x00007ffea8660000 - 0x00007ffea86b5000 	C:\WINDOWS\System32\shlwapi.dll
0x00007ffea5fa0000 - 0x00007ffea5fc5000 	C:\WINDOWS\SYSTEM32\profapi.dll
0x00007ffe782f0000 - 0x00007ffe782fc000 	C:\Users\T3328SG\Downloads\eclipse-jee-2022-03-R-win32-x86_64\eclipse\plugins\org.eclipse.justj.openjdk.hotspot.jre.full.win32.x86_64_17.0.2.v20220201-1208\jre\bin\dt_socket.dll
0x00007ffea54b0000 - 0x00007ffea54eb000 	C:\WINDOWS\SYSTEM32\IPHLPAPI.DLL
0x00007ffea5810000 - 0x00007ffea587a000 	C:\WINDOWS\system32\mswsock.dll
0x00007ffea54f0000 - 0x00007ffea55ba000 	C:\WINDOWS\SYSTEM32\DNSAPI.dll
0x00007ffea69f0000 - 0x00007ffea69f8000 	C:\WINDOWS\System32\NSI.dll
0x00007ffe98b40000 - 0x00007ffe98b4a000 	C:\Windows\System32\rasadhlp.dll
0x00007ffe9f6a0000 - 0x00007ffe9f720000 	C:\WINDOWS\System32\fwpuclnt.dll
0x00007ffea67d0000 - 0x00007ffea67f7000 	C:\WINDOWS\System32\bcrypt.dll
0x00007ffe80380000 - 0x00007ffe80399000 	C:\Users\T3328SG\Downloads\eclipse-jee-2022-03-R-win32-x86_64\eclipse\plugins\org.eclipse.justj.openjdk.hotspot.jre.full.win32.x86_64_17.0.2.v20220201-1208\jre\bin\net.dll
0x00007ffe9fd10000 - 0x00007ffe9fe1a000 	C:\WINDOWS\SYSTEM32\WINHTTP.dll
0x00007ffe7e0d0000 - 0x00007ffe7e0e5000 	C:\Users\T3328SG\Downloads\eclipse-jee-2022-03-R-win32-x86_64\eclipse\plugins\org.eclipse.justj.openjdk.hotspot.jre.full.win32.x86_64_17.0.2.v20220201-1208\jre\bin\nio.dll
0x00007ffe82200000 - 0x00007ffe82210000 	C:\Users\T3328SG\Downloads\eclipse-jee-2022-03-R-win32-x86_64\eclipse\plugins\org.eclipse.justj.openjdk.hotspot.jre.full.win32.x86_64_17.0.2.v20220201-1208\jre\bin\verify.dll
0x00007ffe7df50000 - 0x00007ffe7df59000 	C:\Users\T3328SG\Downloads\eclipse-jee-2022-03-R-win32-x86_64\eclipse\plugins\org.eclipse.justj.openjdk.hotspot.jre.full.win32.x86_64_17.0.2.v20220201-1208\jre\bin\management.dll
0x00007ffe7df10000 - 0x00007ffe7df1b000 	C:\Users\T3328SG\Downloads\eclipse-jee-2022-03-R-win32-x86_64\eclipse\plugins\org.eclipse.justj.openjdk.hotspot.jre.full.win32.x86_64_17.0.2.v20220201-1208\jre\bin\management_ext.dll
0x00007ffe80d80000 - 0x00007ffe80d97000 	C:\WINDOWS\system32\napinsp.dll
0x00007ffe809d0000 - 0x00007ffe809eb000 	C:\WINDOWS\system32\pnrpnsp.dll
0x00007ffea0210000 - 0x00007ffea0225000 	C:\WINDOWS\system32\wshbth.dll
0x00007ffea12e0000 - 0x00007ffea12fd000 	C:\WINDOWS\system32\NLAapi.dll
0x00007ffe809b0000 - 0x00007ffe809c2000 	C:\WINDOWS\System32\winrnr.dll
0x00007ffea5a10000 - 0x00007ffea5a28000 	C:\WINDOWS\SYSTEM32\CRYPTSP.dll
0x00007ffea50d0000 - 0x00007ffea5104000 	C:\WINDOWS\system32\rsaenh.dll
0x00007ffea5f20000 - 0x00007ffea5f4e000 	C:\WINDOWS\SYSTEM32\USERENV.dll
0x00007ffea5a00000 - 0x00007ffea5a0c000 	C:\WINDOWS\SYSTEM32\CRYPTBASE.dll
0x00007ffe9f4d0000 - 0x00007ffe9f4e7000 	C:\WINDOWS\SYSTEM32\dhcpcsvc6.DLL
0x00007ffe9e3b0000 - 0x00007ffe9e3cd000 	C:\WINDOWS\SYSTEM32\dhcpcsvc.DLL
0x00007ffe7c210000 - 0x00007ffe7c21e000 	C:\Users\T3328SG\Downloads\eclipse-jee-2022-03-R-win32-x86_64\eclipse\plugins\org.eclipse.justj.openjdk.hotspot.jre.full.win32.x86_64_17.0.2.v20220201-1208\jre\bin\sunmscapi.dll
0x00007ffea6600000 - 0x00007ffea675d000 	C:\WINDOWS\System32\CRYPT32.dll
0x00007ffea5b20000 - 0x00007ffea5b47000 	C:\WINDOWS\SYSTEM32\ncrypt.dll
0x00007ffea5ae0000 - 0x00007ffea5b1b000 	C:\WINDOWS\SYSTEM32\NTASN1.dll
0x00007ffe781b0000 - 0x00007ffe781b7000 	C:\WINDOWS\system32\wshunix.dll

dbghelp: loaded successfully - version: 4.0.5 - missing functions: none
symbol engine: initialized successfully - sym options: 0x614 - pdb path: .;C:\Users\T3328SG\Downloads\eclipse-jee-2022-03-R-win32-x86_64\eclipse\plugins\org.eclipse.justj.openjdk.hotspot.jre.full.win32.x86_64_17.0.2.v20220201-1208\jre\bin;C:\WINDOWS\SYSTEM32;C:\WINDOWS\WinSxS\amd64_microsoft.windows.common-controls_6595b64144ccf1df_6.0.19041.3636_none_60b6a03d71f818d5;C:\Users\T3328SG\Downloads\eclipse-jee-2022-03-R-win32-x86_64\eclipse\plugins\org.eclipse.justj.openjdk.hotspot.jre.full.win32.x86_64_17.0.2.v20220201-1208\jre\bin\server

VM Arguments:
jvm_args: -XX:+ShowCodeDetailsInExceptionMessages -agentlib:jdwp=transport=dt_socket,suspend=y,address=localhost:64472 -javaagent:C:\Users\T3328SG\Downloads\eclipse-jee-2022-03-R-win32-x86_64\eclipse\configuration\org.eclipse.osgi\422\0\.cp\lib\javaagent-shaded.jar -Dfile.encoding=UTF-8 
java_command: com.captcha.DemoApplication
java_class_path (initial): C:\Users\T3328SG\Downloads\angular-spring-boot-razorpay-integration-main\spring-boot-oauth2-social-login\target\classes;C:\Users\T3328SG\.m2\repository\org\springframework\boot\spring-boot-starter-data-jpa\2.4.0\spring-boot-starter-data-jpa-2.4.0.jar;C:\Users\T3328SG\.m2\repository\org\springframework\boot\spring-boot-starter-aop\2.4.0\spring-boot-starter-aop-2.4.0.jar;C:\Users\T3328SG\.m2\repository\org\springframework\spring-aop\5.3.1\spring-aop-5.3.1.jar;C:\Users\T3328SG\.m2\repository\org\aspectj\aspectjweaver\1.9.6\aspectjweaver-1.9.6.jar;C:\Users\T3328SG\.m2\repository\org\springframework\boot\spring-boot-starter-jdbc\2.4.0\spring-boot-starter-jdbc-2.4.0.jar;C:\Users\T3328SG\.m2\repository\com\zaxxer\HikariCP\3.4.5\HikariCP-3.4.5.jar;C:\Users\T3328SG\.m2\repository\org\springframework\spring-jdbc\5.3.1\spring-jdbc-5.3.1.jar;C:\Users\T3328SG\.m2\repository\jakarta\transaction\jakarta.transaction-api\1.3.3\jakarta.transaction-api-1.3.3.jar;C:\Users\T3328SG\.m2\repository\jakarta\persistence\jakarta.persistence-api\2.2.3\jakarta.persistence-api-2.2.3.jar;C:\Users\T3328SG\.m2\repository\org\hibernate\hibernate-core\5.4.23.Final\hibernate-core-5.4.23.Final.jar;C:\Users\T3328SG\.m2\repository\org\jboss\logging\jboss-logging\3.4.1.Final\jboss-logging-3.4.1.Final.jar;C:\Users\T3328SG\.m2\repository\org\javassist\javassist\3.24.0-GA\javassist-3.24.0-GA.jar;C:\Users\T3328SG\.m2\repository\net\bytebuddy\byte-buddy\1.10.18\byte-buddy-1.10.18.jar;C:\Users\T3328SG\.m2\repository\antlr\antlr\2.7.7\antlr-2.7.7.jar;C:\Users\T3328SG\.m2\repository\org\jboss\jandex\2.1.3.Final\jandex-2.1.3.Final.jar;C:\Users\T3328SG\.m2\repository\com\fasterxml\classmate\1.5.1\classmate-1.5.1.jar;C:\Users\T3328SG\.m2\repository\org\dom4j\dom4j\2.1.3\dom4j-2.1.3.jar;C:\Users\T3328SG\.m2\repository\org\hibernate\common\hibernate-commons-annotations\5.1.2.Final\hibernate-commons-annotations-5.1.2.Final.jar;C:\Users\T3328SG\.m2\repository\org\glassfish\jaxb\jaxb-runtime\
Launcher Type: SUN_STANDARD

[Global flags]
     intx CICompilerCount                          = 4                                         {product} {ergonomic}
     uint ConcGCThreads                            = 2                                         {product} {ergonomic}
     uint G1ConcRefinementThreads                  = 8                                         {product} {ergonomic}
   size_t G1HeapRegionSize                         = 2097152                                   {product} {ergonomic}
    uintx GCDrainStackTargetSize                   = 64                                        {product} {ergonomic}
   size_t InitialHeapSize                          = 266338304                                 {product} {ergonomic}
   size_t MarkStackSize                            = 4194304                                   {product} {ergonomic}
   size_t MaxHeapSize                              = 4236247040                                {product} {ergonomic}
   size_t MaxNewSize                               = 2541748224                                {product} {ergonomic}
   size_t MinHeapDeltaBytes                        = 2097152                                   {product} {ergonomic}
   size_t MinHeapSize                              = 8388608                                   {product} {ergonomic}
    uintx NonNMethodCodeHeapSize                   = 5839372                                {pd product} {ergonomic}
    uintx NonProfiledCodeHeapSize                  = 122909434                              {pd product} {ergonomic}
    uintx ProfiledCodeHeapSize                     = 122909434                              {pd product} {ergonomic}
    uintx ReservedCodeCacheSize                    = 251658240                              {pd product} {ergonomic}
     bool SegmentedCodeCache                       = true                                      {product} {ergonomic}
     bool ShowCodeDetailsInExceptionMessages       = true                                   {manageable} {command line}
   size_t SoftMaxHeapSize                          = 4236247040                             {manageable} {ergonomic}
     bool UseCompressedClassPointers               = true                           {product lp64_product} {ergonomic}
     bool UseCompressedOops                        = true                           {product lp64_product} {ergonomic}
     bool UseG1GC                                  = true                                      {product} {ergonomic}
     bool UseLargePagesIndividualAllocation        = false                                  {pd product} {ergonomic}

Logging:
Log output configuration:
 #0: stdout all=warning uptime,level,tags
 #1: stderr all=off uptime,level,tags

Environment Variables:
JAVA_HOME=C:\Apps\Eclipse_JBossEAP\redhat-openjdk-11.0.5
CLASSPATH=.;C:\PROGRA~1\IBM\SQLLIB\java\db2java.zip;C:\PROGRA~1\IBM\SQLLIB\java\db2jcc.jar;C:\PROGRA~1\IBM\SQLLIB\java\db2jcc_license_cu.jar;C:\PROGRA~1\IBM\SQLLIB\bin
PATH=C:\Users\T3328SG\Downloads\eclipse-jee-2022-03-R-win32-x86_64\eclipse\plugins\org.eclipse.justj.openjdk.hotspot.jre.full.win32.x86_64_17.0.2.v20220201-1208\jre\bin;C:/Users/T3328SG/Downloads/eclipse-jee-2022-03-R-win32-x86_64/eclipse//plugins/org.eclipse.justj.openjdk.hotspot.jre.full.win32.x86_64_17.0.2.v20220201-1208/jre/bin/server;C:/Users/T3328SG/Downloads/eclipse-jee-2022-03-R-win32-x86_64/eclipse//plugins/org.eclipse.justj.openjdk.hotspot.jre.full.win32.x86_64_17.0.2.v20220201-1208/jre/bin;C:\apps\perl\bin\;C:\Syb32\DataAccess\ADONET\dll;C:\Syb32\DataAccess\OLEDB\dll;C:\Syb32\DataAccess\ODBC\dll;C:\Syb32\OCS-15_0\lib3p;C:\Syb32\OCS-15_0\dll;C:\Syb32\OCS-15_0\bin;C:\WINDOWS\CCM\;C:\WINDOWS\system32;C:\WINDOWS;C:\WINDOWS\System32\Wbem;C:\WINDOWS\System32\WindowsPowerShell\v1.0\;C:\WINDOWS\System32\OpenSSH\;C:\WINDOWS\system32\config\systemprofile\AppData\Local\Microsoft\WindowsApps;C:\Syb32\DBISQL\bin;C:\PROGRA~1\IBM\SQLLIB\BIN;C:\PROGRA~1\IBM\SQLLIB\FUNCTION;C:\Program Files\Microsoft VS Code\bin;C:\Program Files\Git\cmd;C:\Program Files (x86)\Common Files\Pulse Secure\VC142.CRT\X64\;C:\Program Files (x86)\Common Files\Pulse Secure\VC142.CRT\X86\;C:\Program Files (x86)\Pulse Secure\VC142.CRT\X64\;C:\Program Files (x86)\Pulse Secure\VC142.CRT\X86\;C:\Program Files (x86)\IBM\AppScanSource\bin;C:\Program Files (x86)\Microsoft SQL Server\150\DTS\Binn\;C:\Program Files (x86)\Common Files\Pulse Secure\TNC Client Plugin\;C:\Program Files\nodejs\;C:\Program Files\TortoiseGit\bin;C:\Program Files\TortoiseSVN\bin;C:\Users\T3328SG\AppData\Local\anaconda3;C:\Users\T3328SG\AppData\Local\anaconda3\Library\mingw-w64\bin;C:\Users\T3328SG\AppData\Local\anaconda3\Library\usr\bin;C:\Users\T3328SG\AppData\Local\anaconda3\Library\bin;C:\Users\T3328SG\AppData\Local\anaconda3\Scripts;C:\Program Files\MySQL\MySQL Shell 8.0\bin\;C:\Users\T3328SG\AppData\Local\Microsoft\WindowsApps;C:\Users\T3328SG\Downloads\apache-maven-3.8.6-bin\apache-maven-3.8.6\bin;C:\Apps\Eclipse_JBossEAP\redhat
USERNAME=T3328SG
OS=Windows_NT
PROCESSOR_IDENTIFIER=Intel64 Family 6 Model 142 Stepping 12, GenuineIntel



---------------  S Y S T E M  ---------------

OS:
 Windows 10 , 64 bit Build 19041 (10.0.19041.3636)
OS uptime: 1 days 8:20 hours

CPU: total 8 (initial active 8) (4 cores per cpu, 2 threads per core) family 6 model 142 stepping 12 microcode 0xde, cx8, cmov, fxsr, ht, mmx, 3dnowpref, sse, sse2, sse3, ssse3, sse4.1, sse4.2, popcnt, lzcnt, tsc, tscinvbit, avx, avx2, aes, erms, clmul, bmi1, bmi2, adx, fma, vzeroupper, clflush, clflushopt

Memory: 4k page, system-wide physical 16157M (2976M free)
TotalPageFile size 30534M (AvailPageFile size 5587M)
current process WorkingSet (physical memory assigned to process): 382M, peak: 463M
current process commit charge ("private bytes"): 433M, peak: 492M

vm_info: OpenJDK 64-Bit Server VM (17.0.2+8) for windows-amd64 JRE (17.0.2+8), built on Jan 20 2022 04:52:34 by "" with MS VC++ 16.7 (VS2019)

END.
